GROUP,PACKAGE,CLASS,INSTRUCTION_MISSED,INSTRUCTION_COVERED,BRANCH_MISSED,BRANCH_COVERED,LINE_MISSED,LINE_COVERED,COMPLEXITY_MISSED,COMPLEXITY_COVERED,METHOD_MISSED,METHOD_COVERED
UniBun,aknu.unibun.io,UniBunOutput,50,0,0,0,9,0,3,0,3,0
UniBun,aknu.unibun.io,UniBunInput,29,15,0,0,8,3,2,1,2,1
UniBun,aknu.unibun.utils,ArrayList,69,74,7,7,16,16,7,7,3,4
UniBun,aknu.unibun.utils,HashMap,3,0,0,0,1,0,1,0,1,0
UniBun,aknu.unibun.domain,huffmanTree,61,510,7,23,16,98,8,17,2,8
UniBun,aknu.unibun.domain,frequencyCalculator,3,101,0,8,1,25,1,8,1,4
UniBun,aknu.unibun.domain,LeafComparatorMax,0,25,0,4,0,6,0,4,0,2
UniBun,aknu.unibun.domain,LeafComparator,0,25,0,4,0,6,0,4,0,2
UniBun,aknu.unibun.domain,Leaf,25,68,0,0,9,22,5,10,5,10
