GROUP,PACKAGE,CLASS,INSTRUCTION_MISSED,INSTRUCTION_COVERED,BRANCH_MISSED,BRANCH_COVERED,LINE_MISSED,LINE_COVERED,COMPLEXITY_MISSED,COMPLEXITY_COVERED,METHOD_MISSED,METHOD_COVERED
UniBun,aknu.unibun.io,UniBunOutput,28,0,0,0,6,0,2,0,2,0
UniBun,aknu.unibun.io,UniBunInput,4,18,0,0,2,4,1,1,1,1
UniBun,aknu.unibun.domain,huffmanTree,3,420,3,23,1,76,4,15,1,5
UniBun,aknu.unibun.domain,frequencyCalculator,3,106,0,8,1,25,1,8,1,4
UniBun,aknu.unibun.domain,LeafComparatorMax,0,25,0,4,0,6,0,4,0,2
UniBun,aknu.unibun.domain,LeafComparator,0,25,0,4,0,6,0,4,0,2
UniBun,aknu.unibun.domain,Leaf,9,61,0,0,3,20,1,10,1,10
