<?xml version="1.0" encoding="UTF-8" ?>
<testsuite tests="1" failures="0" name="domaintest.HuffmanTreeTest" time="0.259" errors="1" skipped="0">
  <properties>
[...]
</properties>
  <testcase classname="domaintest.HuffmanTreeTest" name="DecodingWorks" time="0.259">
    <error message="7" type="java.lang.ArrayIndexOutOfBoundsException">java.lang.ArrayIndexOutOfBoundsException: 7
	at aknu.unibun.domain.huffmanTree.decodeTree(huffmanTree.java:248)
	at domaintest.HuffmanTreeTest.DecodingWorks(HuffmanTreeTest.java:47)
	at sun.reflect.NativeMethodAccessorImpl.invoke0(Native Method)
	at sun.reflect.NativeMethodAccessorImpl.invoke(NativeMethodAccessorImpl.java:62)
	at sun.reflect.DelegatingMethodAccessorImpl.invoke(DelegatingMethodAccessorImpl.java:43)
	at java.lang.reflect.Method.invoke(Method.java:498)
	at org.junit.runners.model.FrameworkMethod$1.runReflectiveCall(FrameworkMethod.java:50)
	at org.junit.internal.runners.model.ReflectiveCallable.run(ReflectiveCallable.java:12)
	at org.junit.runners.model.FrameworkMethod.invokeExplosively(FrameworkMethod.java:47)
	at org.junit.internal.runners.statements.InvokeMethod.evaluate(InvokeMethod.java:17)
	at org.junit.internal.runners.statements.RunBefores.evaluate(RunBefores.java:26)
	at org.junit.runners.ParentRunner.runLeaf(ParentRunner.java:325)
	at org.junit.runners.BlockJUnit4ClassRunner.runChild(BlockJUnit4ClassRunner.java:78)
	at org.junit.runners.BlockJUnit4ClassRunner.runChild(BlockJUnit4ClassRunner.java:57)
	at org.junit.runners.ParentRunner$3.run(ParentRunner.java:290)
	at org.junit.runners.ParentRunner$1.schedule(ParentRunner.java:71)
	at org.junit.runners.ParentRunner.runChildren(ParentRunner.java:288)
	at org.junit.runners.ParentRunner.access$000(ParentRunner.java:58)
	at org.junit.runners.ParentRunner$2.evaluate(ParentRunner.java:268)
	at org.junit.runners.ParentRunner.run(ParentRunner.java:363)
	at org.apache.maven.surefire.junit4.JUnit4TestSet.execute(JUnit4TestSet.java:53)
	at org.apache.maven.surefire.junit4.JUnit4Provider.executeTestSet(JUnit4Provider.java:123)
	at org.apache.maven.surefire.junit4.JUnit4Provider.invoke(JUnit4Provider.java:104)
	at sun.reflect.NativeMethodAccessorImpl.invoke0(Native Method)
	at sun.reflect.NativeMethodAccessorImpl.invoke(NativeMethodAccessorImpl.java:62)
	at sun.reflect.DelegatingMethodAccessorImpl.invoke(DelegatingMethodAccessorImpl.java:43)
	at java.lang.reflect.Method.invoke(Method.java:498)
	at org.apache.maven.surefire.util.ReflectionUtils.invokeMethodWithArray(ReflectionUtils.java:164)
	at org.apache.maven.surefire.booter.ProviderFactory$ProviderProxy.invoke(ProviderFactory.java:110)
	at org.apache.maven.surefire.booter.SurefireStarter.invokeProvider(SurefireStarter.java:175)
	at org.apache.maven.surefire.booter.SurefireStarter.runSuitesInProcessWhenForked(SurefireStarter.java:107)
	at org.apache.maven.surefire.booter.ForkedBooter.main(ForkedBooter.java:68)
</error>
    <system-out>null
79
null
79
115
null
79
115
116
null
79
115
116
101
null
79
115
116
101
114
null
79
115
116
79
115
116
101
114
105
null
79
115
116
101
114
105
32
null
79
79
115
79
115
116
79
115
116
101
114
79
115
116
101
79
115
116
101
114
105
79
115
116
101
114
105
32
40
null
79
115
116
101
114
105
32
40
100
null
79
115
116
101
79
115
116
101
114
105
32
40
100
97
null
79
115
116
101
114
105
32
79
115
116
101
114
105
32
40
100
97
41
null
79
115
116
101
114
105
32
40
100
97
41
111
null
79
115
116
101
114
105
32
79
115
116
101
114
105
32
40
100
97
41
111
110
null
79
115
116
101
79
115
116
101
114
79
115
116
101
79
115
79
115
79
115
116
101
114
105
32
40
100
97
41
111
110
109
null
79
115
116
101
114
105
32
40
100
97
41
111
110
109
-61
null
79
115
116
101
114
105
32
79
115
116
101
79
115
116
101
114
105
32
40
100
97
41
111
110
109
-61
-92
null
79
115
116
101
114
105
32
40
100
97
41
111
110
109
-61
79
115
116
101
114
105
32
40
100
97
41
111
110
109
-61
-92
79
115
116
101
114
105
32
40
100
97
41
111
110
109
-61
-92
108
null
79
115
116
101
114
105
32
40
100
97
41
111
110
109
-61
79
115
116
101
114
105
32
40
100
97
41
111
110
109
-61
-92
79
115
116
101
114
105
32
79
115
79
115
116
101
114
105
79
115
116
101
114
105
32
40
100
97
41
111
110
109
79
115
116
101
114
105
32
40
100
97
41
111
110
109
-61
-92
108
118
null
79
115
116
101
114
105
32
40
100
97
41
111
110
109
-61
-92
108
118
112
null
79
115
116
101
114
105
32
40
100
97
41
111
110
109
-61
-92
108
118
112
117
null
79
115
116
101
114
105
32
40
100
97
41
111
110
109
-61
-92
108
118
112
117
107
79
115
116
101
114
105
32
40
100
97
79
115
116
101
114
105
32
40
100
97
41
111
110
109
-61
-92
108
118
112
117
107
null
79
115
116
101
79
115
116
101
114
105
79
115
116
101
114
105
32
40
100
97
41
111
110
109
79
115
116
101
114
105
32
40
100
97
41
111
79
115
116
101
114
105
32
40
100
97
41
111
110
109
-61
-92
108
118
112
117
107
104
null
79
115
116
101
114
105
32
79
115
116
101
114
105
32
40
100
97
41
111
110
109
-61
-92
108
118
112
117
107
104
44
null
79
115
116
101
114
105
32
40
100
97
41
111
79
115
116
101
114
105
32
40
100
97
41
111
110
109
-61
-92
108
118
112
117
107
104
79
115
116
101
114
105
32
40
100
97
41
111
79
115
116
101
114
105
32
40
100
97
41
111
110
79
115
116
101
114
105
32
79
115
116
101
114
105
32
40
100
97
41
111
110
109
-61
-92
108
118
112
117
107
79
115
116
101
114
105
32
40
100
97
41
111
110
109
-61
-92
108
118
112
117
79
115
116
101
114
105
32
40
100
97
41
111
110
109
-61
-92
108
118
112
117
79
115
116
101
114
105
32
40
100
97
41
111
110
109
-61
-92
108
79
115
116
101
114
105
32
40
100
97
41
111
110
109
-61
-92
108
118
112
117
79
115
116
101
114
105
32
40
100
97
41
111
110
109
-61
-92
108
118
112
117
79
115
116
101
114
105
32
79
115
116
79
115
116
101
114
105
32
40
100
97
41
111
79
115
116
101
114
105
79
115
79
115
116
79
115
116
101
114
105
32
40
100
97
79
115
116
101
114
105
32
40
100
97
41
111
110
109
-61
-92
108
118
112
117
107
79
115
116
101
114
105
32
40
100
97
41
111
110
109
-61
-92
108
118
112
117
107
104
44
106
null
79
115
116
101
114
105
32
40
100
97
41
111
110
109
79
115
116
101
114
105
32
40
100
97
41
111
110
109
79
115
116
101
79
115
116
101
114
105
32
40
100
97
41
111
110
79
115
116
79
115
116
101
114
105
32
40
100
97
41
111
110
109
-61
79
115
116
101
114
105
32
40
100
97
41
111
110
109
-61
-92
79
115
116
101
114
105
32
79
115
79
115
116
101
114
105
32
40
100
97
41
111
110
109
-61
-92
108
118
112
117
79
115
116
101
114
105
32
40
100
97
41
111
110
109
-61
-92
108
118
112
117
107
79
115
116
101
114
105
32
40
100
97
41
111
110
109
-61
-92
108
118
112
117
79
115
116
101
114
105
32
40
100
97
79
115
116
101
114
105
32
40
100
97
41
111
110
109
-61
-92
108
118
112
117
107
104
44
106
121
null
79
115
116
101
114
105
32
79
115
116
101
114
105
32
40
100
97
41
111
110
109
-61
-92
108
118
112
117
107
104
44
106
121
46
null
79
115
116
101
114
105
32
40
100
97
41
111
79
115
116
101
114
105
79
115
116
79
115
116
101
114
105
32
40
100
97
79
115
116
101
114
105
32
40
100
97
41
111
110
109
-61
-92
108
118
112
117
107
79
115
116
101
114
105
79
115
116
101
114
105
32
40
100
97
41
111
110
79
115
116
101
114
105
32
79
115
116
101
114
105
32
40
100
97
41
111
79
115
79
115
116
79
115
116
101
79
115
116
101
114
79
115
116
101
114
105
79
115
116
101
114
105
32
40
100
97
41
111
110
109
-61
-92
108
79
115
116
101
114
105
32
40
100
97
79
115
116
101
114
105
32
40
100
97
41
111
110
109
-61
-92
108
118
112
117
107
104
44
106
79
115
116
101
79
115
116
101
114
105
32
40
100
97
41
111
110
109
-61
-92
108
118
112
117
107
104
44
106
79
115
116
101
114
105
32
40
100
97
79
115
116
101
114
105
32
79
115
116
101
114
105
32
40
100
97
41
111
110
109
-61
-92
108
118
79
115
116
101
114
105
79
115
116
101
114
105
32
40
100
97
41
111
110
109
-61
-92
108
79
115
116
101
114
105
32
40
100
97
41
111
110
109
-61
-92
108
118
112
117
107
104
44
106
79
115
116
101
79
115
116
101
114
105
32
40
100
97
41
111
110
109
-61
-92
108
79
115
116
101
114
105
32
40
100
97
41
111
110
109
-61
-92
108
79
115
116
101
114
105
32
40
100
97
41
111
110
109
-61
79
115
116
101
114
105
32
40
100
97
41
111
110
109
-61
-92
79
115
116
101
114
105
32
40
100
97
41
111
110
109
-61
79
115
116
101
114
105
32
40
100
97
41
111
110
109
-61
-92
79
115
116
101
114
105
32
40
100
97
41
111
110
79
115
116
101
114
105
32
79
115
116
101
114
105
32
40
100
97
41
111
110
109
-61
-92
108
118
112
117
107
104
44
106
79
115
116
101
114
105
32
40
100
97
79
115
116
101
114
105
32
79
115
116
101
114
105
32
40
100
97
41
111
110
109
-61
-92
108
118
112
117
107
79
115
116
101
79
115
116
101
114
79
115
116
101
114
105
32
40
100
97
41
111
110
109
-61
79
115
116
101
114
105
32
40
100
97
41
111
110
109
-61
-92
79
115
116
79
115
116
101
114
105
32
40
100
97
41
111
110
109
-61
79
115
116
101
114
105
32
40
100
97
41
111
110
109
-61
-92
79
115
116
101
114
105
32
40
100
97
41
111
110
109
-61
79
115
116
101
114
105
32
40
100
97
41
111
110
109
-61
-92
79
115
116
101
114
105
32
40
100
97
41
111
110
79
115
116
101
114
105
32
79
115
116
101
114
105
32
40
100
97
41
111
110
109
-61
-92
108
79
115
116
101
114
105
32
40
100
97
41
111
110
109
-61
-92
108
118
112
117
79
115
116
101
114
105
32
40
100
97
41
111
79
115
116
101
114
105
32
40
100
97
41
111
110
79
115
116
101
114
105
32
40
100
97
41
111
110
79
115
116
101
114
105
32
40
100
97
41
111
79
115
79
115
116
79
115
116
101
114
105
32
40
100
97
79
115
116
101
114
105
32
79
115
116
101
114
105
79
115
116
101
114
105
32
40
100
97
41
111
110
109
-61
-92
108
118
112
117
107
104
79
115
116
101
114
105
32
40
100
97
41
111
110
109
79
115
116
101
114
105
79
115
79
115
116
101
114
79
115
116
101
114
105
32
40
100
97
79
115
116
101
114
105
32
40
100
97
41
111
110
109
-61
-92
108
118
79
115
116
101
114
105
79
115
116
101
114
105
32
40
100
97
41
111
110
79
115
116
101
114
105
32
40
100
97
41
111
110
79
115
116
101
114
105
32
40
100
97
41
111
79
115
116
101
114
105
32
40
100
97
41
111
110
109
-61
-92
108
118
112
117
107
79
115
79
115
116
101
114
105
79
115
116
101
114
105
32
40
100
97
41
111
110
109
-61
-92
108
118
112
117
107
104
44
79
115
116
101
114
105
32
79
115
116
101
114
105
32
40
100
97
41
111
110
109
-61
-92
108
118
112
117
107
104
44
106
79
115
116
101
114
105
32
40
100
97
79
115
116
101
114
105
32
79
115
116
101
114
105
32
40
100
97
41
111
110
79
115
116
101
79
115
116
101
114
105
32
79
115
116
101
114
105
32
40
100
97
41
111
79
115
116
101
114
105
32
40
100
97
41
111
110
109
-61
-92
108
118
79
115
116
101
114
105
32
40
100
97
79
115
116
79
115
116
101
114
105
32
79
115
116
101
114
105
32
40
100
97
41
111
110
109
-61
-92
108
118
112
117
107
79
115
116
101
114
105
32
40
100
97
41
111
110
109
-61
-92
108
118
112
117
79
115
116
101
114
105
32
40
100
97
41
111
110
109
-61
-92
108
79
115
116
101
114
105
79
115
116
101
114
105
32
40
100
97
41
111
110
79
115
116
101
114
105
32
40
100
97
79
115
116
101
114
105
32
40
100
97
79
115
116
101
114
79
115
116
101
114
105
79
115
79
115
116
101
79
115
79
115
116
79
115
116
101
114
105
79
115
116
101
114
105
32
79
115
116
101
114
105
32
40
100
97
79
115
116
101
114
79
115
116
101
114
105
32
40
100
97
41
111
110
109
-61
-92
108
118
79
115
116
101
114
105
32
40
100
97
41
111
79
115
79
115
116
79
115
116
101
79
115
116
79
115
116
79
115
116
101
114
105
32
40
100
97
41
111
110
109
-61
-92
108
118
112
117
79
115
116
101
114
105
32
40
100
97
41
111
110
109
-61
-92
108
118
112
117
107
104
44
106
79
115
116
101
114
105
32
40
100
97
79
115
116
101
114
105
32
40
100
97
41
111
110
109
-61
-92
108
118
112
117
107
104
44
106
121
46
79
115
116
101
114
105
32
79
115
116
101
114
105
32
40
100
97
41
111
110
109
-61
-92
108
118
112
117
107
104
44
106
121
46
74
null
79
115
116
101
114
105
32
40
100
97
41
111
110
109
-61
-92
108
118
112
117
107
104
44
106
121
79
115
116
101
114
105
32
40
100
97
41
111
110
109
-61
79
115
116
101
114
105
32
40
100
97
41
111
110
109
-61
-92
108
118
112
117
107
104
44
106
121
46
74
83
null
79
115
116
79
115
116
101
114
105
32
40
100
97
41
111
110
109
-61
79
115
116
101
114
105
32
40
100
97
41
111
110
109
-61
-92
79
115
116
101
114
105
32
40
100
97
41
111
110
109
-61
-92
108
118
79
115
116
101
114
105
79
115
116
101
79
115
116
101
114
105
32
40
100
97
41
111
110
79
115
116
101
114
105
32
79
115
116
101
114
105
32
40
100
97
41
111
79
115
79
115
116
79
115
116
101
79
115
116
101
114
79
115
116
101
114
105
79
115
116
101
79
115
116
101
114
105
32
40
100
97
41
111
110
79
115
116
101
114
105
32
79
115
116
101
114
105
32
40
100
97
41
111
110
109
-61
-92
108
79
115
116
101
79
115
116
101
114
105
32
40
100
97
41
111
110
109
-61
-92
108
118
79
115
116
101
114
105
79
115
116
101
114
105
32
40
100
97
41
111
110
79
115
116
101
114
105
32
40
100
97
41
111
110
79
115
116
101
79
115
116
101
114
105
79
115
79
115
116
101
114
105
32
40
100
97
41
111
110
109
-61
-92
108
118
112
117
107
104
44
106
121
79
115
116
101
114
105
32
40
100
97
41
111
110
109
-61
-92
108
118
112
117
107
104
44
106
121
79
115
79
115
116
101
114
105
32
40
100
97
79
115
116
101
114
105
32
40
100
97
41
111
110
109
-61
-92
108
79
115
116
101
114
105
32
40
100
97
41
111
110
109
-61
-92
108
118
112
117
79
115
116
101
79
115
116
101
79
115
116
79
115
116
101
114
105
32
79
115
116
101
114
105
32
40
100
97
41
111
79
115
116
101
114
105
32
40
100
97
41
111
110
109
-61
-92
108
118
79
115
116
101
114
105
32
40
100
97
79
115
116
79
115
116
101
114
105
32
79
115
116
101
114
105
79
115
79
115
116
79
115
116
101
114
105
32
40
100
97
41
111
110
109
-61
-92
108
118
112
117
79
115
116
79
115
116
101
114
105
32
40
100
97
41
111
110
109
-61
-92
108
118
112
117
79
115
79
115
116
79
115
116
101
79
115
116
101
114
105
32
40
100
97
41
111
110
79
115
116
101
114
105
32
79
115
116
101
114
105
32
40
100
97
41
111
110
109
79
115
116
101
114
105
32
40
100
97
41
111
110
109
-61
-92
108
118
112
117
107
104
44
106
121
79
115
116
101
114
105
32
40
100
97
41
111
110
109
-61
79
115
116
101
114
105
32
40
100
97
41
111
110
109
-61
-92
108
118
112
117
107
104
44
106
121
46
74
83
-74
79
115
116
79
115
116
101
114
105
32
40
100
97
41
111
110
109
-61
79
115
116
101
114
105
32
40
100
97
41
111
110
109
-61
-92
79
115
116
101
114
105
32
79
115
116
101
114
105
32
40
100
97
41
111
110
109
-61
-92
108
79
115
116
101
114
105
32
40
100
97
79
115
116
101
114
105
32
40
100
97
79
115
116
101
114
105
32
40
100
97
41
111
110
109
-61
-92
108
118
112
117
107
104
44
106
79
115
116
101
79
115
116
101
114
105
32
40
100
97
41
111
110
79
115
116
79
115
116
101
114
105
32
40
100
97
41
111
110
109
-61
-92
108
118
112
117
79
115
116
101
114
105
32
40
100
97
41
111
110
79
115
116
101
79
115
116
101
79
115
116
79
115
116
101
114
105
32
79
115
79
115
116
101
114
105
32
40
100
97
41
111
110
109
-61
-92
108
118
112
117
79
115
116
101
114
105
32
40
100
97
41
111
110
109
-61
-92
108
118
112
117
79
115
116
101
114
79
115
116
101
79
115
79
115
116
79
115
116
101
114
105
79
115
116
101
114
105
32
79
115
116
101
114
105
32
40
100
97
79
115
116
101
114
105
32
40
100
97
41
111
110
109
-61
-92
108
79
115
116
101
114
105
32
40
100
97
41
111
110
109
-61
-92
108
118
112
117
107
79
115
116
101
114
105
32
40
100
97
41
111
110
109
-61
-92
108
118
112
117
79
115
116
101
114
105
32
40
100
97
41
111
110
109
-61
-92
108
118
112
79
115
116
101
79
115
116
101
114
79
115
116
101
114
105
32
40
100
97
41
111
110
109
-61
79
115
116
101
114
105
32
40
100
97
41
111
110
109
-61
-92
79
115
116
101
114
105
79
115
79
115
116
101
79
115
79
115
116
79
115
116
101
114
105
32
40
100
97
41
111
110
109
-61
79
115
116
101
114
105
32
40
100
97
41
111
110
109
-61
-92
79
115
116
101
114
105
32
40
100
97
41
111
110
109
-61
-92
108
118
112
117
107
104
44
106
121
46
79
115
116
101
114
105
32
bin is 1
bin is 1
bin is 1
GOT HERE!  Symbol: e Binary: 111
bin is 0
bin is 1
GOT HERE!  Symbol: ￃ Binary: 1101
bin is 0
bin is 1
GOT HERE!  Symbol: v Binary: 11001
bin is 0
bin is 1
bin is 1
GOT HERE!  Symbol: p Binary: 1100011
bin is 0
GOT HERE!  Symbol: , Binary: 1100010
bin is 0
bin is 1
bin is 1
GOT HERE!  Symbol: ( Binary: 1000011
bin is 0
GOT HERE!  Symbol: d Binary: 1000010
bin is 0
bin is 1
GOT HERE!  Symbol: ) Binary: 1000001
bin is 0
GOT HERE!  Symbol: J Binary: 1000000
bin is 0
bin is 1
GOT HERE!  Symbol:   Binary: 101
bin is 0
bin is 1
GOT HERE!  Symbol: u Binary: 1001
bin is 0
bin is 1
GOT HERE!  Symbol: j Binary: 10001
bin is 0
bin is 1
GOT HERE!  Symbol: y Binary: 100001
bin is 0
bin is 1
GOT HERE!  Symbol: ﾶ Binary: 1000001
bin is 0
bin is 1
GOT HERE!  Symbol: S Binary: 0000001
bin is 0
GOT HERE!  Symbol: O Binary: 0000000
bin is 0
bin is 1
bin is 1
bin is 1
GOT HERE!  Symbol: n Binary: 0111
bin is 0
bin is 1
GOT HERE!  Symbol: k Binary: 01101
bin is 0
GOT HERE!  Symbol: r Binary: 01100
bin is 0
bin is 1
GOT HERE!  Symbol: a Binary: 0101
bin is 0
GOT HERE!  Symbol: i Binary: 0100
bin is 0
bin is 1
bin is 1
GOT HERE!  Symbol: s Binary: 0011
bin is 0
bin is 1
GOT HERE!  Symbol: l Binary: 00101
bin is 0
GOT HERE!  Symbol: ﾤ Binary: 00100
bin is 0
bin is 1
GOT HERE!  Symbol: t Binary: 0001
bin is 0
bin is 1
bin is 1
bin is 1
GOT HERE!  Symbol: h Binary: 0000111
bin is 0
GOT HERE!  Symbol: . Binary: 0000110
bin is 0
GOT HERE!  Symbol: m Binary: 000010
bin is 0
GOT HERE!  Symbol: o Binary: 00000
-1: 312.0. Lapset: vasen: ￿:126.0 , oikea: ￿:186.0
-1: 186.0. Lapset: vasen: ﾧ:84.0 , oikea: :102.0
-1: 126.0. Lapset: vasen: ﾿:60.0 , oikea: ￿:66.0
127: 102.0. Lapset: vasen: ﾓ:48.0 , oikea: ﾿:54.0
-89: 84.0. Lapset: vasen: ￋ:40.0 , oikea: ￓ:44.0
-1: 66.0. Lapset: vasen:  :31.0 , oikea: ￿:35.0
-65: 60.0. Lapset: vasen: e:29.0 , oikea: _:31.0
-65: 54.0. Lapset: vasen: t:27.0 , oikea: ￟:27.0
-109: 48.0. Lapset: vasen: s:23.0 , oikea: I:25.0
-45: 44.0. Lapset: vasen: a:21.0 , oikea: i:23.0
-53: 40.0. Lapset: vasen: n:19.0 , oikea: ￥:21.0
-1: 35.0. Lapset: vasen: u:17.0 , oikea: ￿:18.0
95: 31.0. Lapset: vasen: ￃ:15.0 , oikea: ﾯ:16.0
-33: 27.0. Lapset: vasen: ￛ:13.0 , oikea: o:14.0
73: 25.0. Lapset: vasen: l:12.0 , oikea: ﾤ:13.0
-27: 21.0. Lapset: vasen: k:10.0 , oikea: r:11.0
-1: 18.0. Lapset: vasen: j:8.0 , oikea: :10.0
-81: 16.0. Lapset: vasen: v:8.0 , oikea: W:8.0
-37: 13.0. Lapset: vasen: ]:6.0 , oikea: m:7.0
127: 10.0. Lapset: vasen: y:5.0 , oikea: ?:5.0
87: 8.0. Lapset: vasen: Y:4.0 , oikea: +:4.0
93: 6.0. Lapset: vasen: h:3.0 , oikea: .:3.0
63: 5.0. Lapset: vasen: ﾶ:2.0 , oikea: ﾟ:3.0
43: 4.0. Lapset: vasen: ￉:2.0 , oikea: ﾕ:2.0
89: 4.0. Lapset: vasen: p:2.0 , oikea: ,:2.0
-97: 3.0. Lapset: vasen: S:1.0 , oikea: O:2.0
-55: 2.0. Lapset: vasen: (:1.0 , oikea: d:1.0
-107: 2.0. Lapset: vasen: ):1.0 , oikea: J:1.0
-1 : 0
-27 : 0
-33 : 0
32 : 13
-37 : 1
40 : -61
41 : -63
43 : 0
44 : -30
-45 : 0
46 : -122
-53 : 1
-55 : 1
-61 : 29
63 : 0
-65 : 1
-74 : -63
73 : 0
74 : -64
79 : -128
-81 : 0
83 : -127
87 : 0
-89 : 1
89 : 1
-92 : 36
93 : 1
95 : 0
-97 : 0
97 : 21
100 : -62
101 : 15
104 : -121
105 : 20
-107 : 0
106 : 49
107 : 45
108 : 37
-109 : 1
109 : 66
110 : 23
111 : 32
112 : -29
114 : 44
115 : 19
116 : 17
117 : 25
118 : 57
121 : 97
127 : 0
-128
Right turn
-128
Right turn
-128
Right turn
-128
Right turn
-128
Right turn
taulukkoon lisättiin: 111
19
Left turn
19
Right turn
19
Right turn
19
Left turn
taulukkoon lisättiin: 117
17
Right turn
17
Right turn
17
Right turn
17
Left turn
taulukkoon lisättiin: 116
15
Left turn
15
Left turn
15
Left turn
taulukkoon lisättiin: 101
44
Right turn
44
Left turn
44
Left turn
44
Right turn
44
Left turn
taulukkoon lisättiin: 107
20
Right turn
20
Left turn
20
Right turn
20
Left turn
taulukkoon lisättiin: 97
17
Right turn
17
Right turn
17
Right turn
17
Left turn
taulukkoon lisättiin: 116
13
Right turn
13
Left turn
13
Left turn
13
Right turn
13
Right turn
</system-out>
  </testcase>
</testsuite>